2013-01-05 21:35:39,098 [Tomcat-startStop-1] ERROR StackTrace  - Full Stack Trace:
java.util.concurrent.ExecutionException: java.lang.OutOfMemoryError: PermGen space
	at java.util.concurrent.FutureTask$Sync.innerGet(FutureTask.java:222)
	at java.util.concurrent.FutureTask.get(FutureTask.java:83)
	at org.apache.catalina.core.ContainerBase.startInternal(ContainerBase.java:1123)
	at org.apache.catalina.core.StandardHost.startInternal(StandardHost.java:785)
	at org.apache.catalina.util.LifecycleBase.start(LifecycleBase.java:150)
	at org.apache.catalina.core.ContainerBase$StartChild.call(ContainerBase.java:1559)
	at org.apache.catalina.core.ContainerBase$StartChild.call(ContainerBase.java:1549)
	at java.util.concurrent.FutureTask$Sync.innerRun(FutureTask.java:303)
	at java.util.concurrent.FutureTask.run(FutureTask.java:138)
	at java.util.concurrent.ThreadPoolExecutor$Worker.runTask(ThreadPoolExecutor.java:886)
	at java.util.concurrent.ThreadPoolExecutor$Worker.run(ThreadPoolExecutor.java:908)
	at java.lang.Thread.run(Thread.java:680)
Caused by: java.lang.OutOfMemoryError: PermGen space
	at java.lang.Throwable.getStackTraceElement(Native Method)
	at java.lang.Throwable.getOurStackTrace(Throwable.java:591)
	at java.lang.Throwable.getStackTrace(Throwable.java:582)
	at org.codehaus.groovy.grails.exceptions.DefaultStackTraceFilterer.filter(DefaultStackTraceFilterer.java:95)
	at org.codehaus.groovy.grails.exceptions.DefaultStackTraceFilterer.filter(DefaultStackTraceFilterer.java:86)
	at org.slf4j.impl.GrailsLog4jLoggerAdapter.cleanIfException(GrailsLog4jLoggerAdapter.java:177)
	at org.slf4j.impl.GrailsLog4jLoggerAdapter.logMessage(GrailsLog4jLoggerAdapter.java:190)
	at org.slf4j.impl.GrailsLog4jLoggerAdapter.error(GrailsLog4jLoggerAdapter.java:166)
	at org.apache.commons.logging.impl.SLF4JLog.error(SLF4JLog.java:213)
	at org.codehaus.groovy.grails.web.context.GrailsContextLoader.initWebApplicationContext(GrailsContextLoader.java:109)
	at org.springframework.web.context.ContextLoaderListener.contextInitialized(ContextLoaderListener.java:111)
	at org.apache.catalina.core.StandardContext.listenerStart(StandardContext.java:4791)
	at org.apache.catalina.core.StandardContext.startInternal(StandardContext.java:5285)
	... 8 more
2013-01-05 21:35:39,101 [Tomcat-startStop-1] ERROR StackTrace  - Full Stack Trace:
java.lang.OutOfMemoryError: PermGen space
	at java.lang.Throwable.getStackTraceElement(Native Method)
	at java.lang.Throwable.getOurStackTrace(Throwable.java:591)
	at java.lang.Throwable.getStackTrace(Throwable.java:582)
	at org.codehaus.groovy.grails.exceptions.DefaultStackTraceFilterer.filter(DefaultStackTraceFilterer.java:95)
	at org.codehaus.groovy.grails.exceptions.DefaultStackTraceFilterer.filter(DefaultStackTraceFilterer.java:86)
	at org.slf4j.impl.GrailsLog4jLoggerAdapter.cleanIfException(GrailsLog4jLoggerAdapter.java:177)
	at org.slf4j.impl.GrailsLog4jLoggerAdapter.logMessage(GrailsLog4jLoggerAdapter.java:190)
	at org.slf4j.impl.GrailsLog4jLoggerAdapter.error(GrailsLog4jLoggerAdapter.java:166)
	at org.apache.commons.logging.impl.SLF4JLog.error(SLF4JLog.java:213)
	at org.codehaus.groovy.grails.web.context.GrailsContextLoader.initWebApplicationContext(GrailsContextLoader.java:109)
	at org.springframework.web.context.ContextLoaderListener.contextInitialized(ContextLoaderListener.java:111)
	at org.apache.catalina.core.StandardContext.listenerStart(StandardContext.java:4791)
	at org.apache.catalina.core.StandardContext.startInternal(StandardContext.java:5285)
	at org.apache.catalina.util.LifecycleBase.start(LifecycleBase.java:150)
	at org.apache.catalina.core.ContainerBase$StartChild.call(ContainerBase.java:1559)
	at org.apache.catalina.core.ContainerBase$StartChild.call(ContainerBase.java:1549)
	at java.util.concurrent.FutureTask$Sync.innerRun(FutureTask.java:303)
	at java.util.concurrent.FutureTask.run(FutureTask.java:138)
	at java.util.concurrent.ThreadPoolExecutor$Worker.runTask(ThreadPoolExecutor.java:886)
	at java.util.concurrent.ThreadPoolExecutor$Worker.run(ThreadPoolExecutor.java:908)
	at java.lang.Thread.run(Thread.java:680)
2013-01-05 21:35:39,101 [Tomcat-startStop-1] ERROR StackTrace  - Full Stack Trace:
java.util.concurrent.ExecutionException: java.lang.OutOfMemoryError: PermGen space
	at java.util.concurrent.FutureTask$Sync.innerGet(FutureTask.java:222)
	at java.util.concurrent.FutureTask.get(FutureTask.java:83)
	at java.util.concurrent.FutureTask$Sync.innerRun(FutureTask.java:303)
	at java.util.concurrent.FutureTask.run(FutureTask.java:138)
	at java.util.concurrent.ThreadPoolExecutor$Worker.runTask(ThreadPoolExecutor.java:886)
	at java.util.concurrent.ThreadPoolExecutor$Worker.run(ThreadPoolExecutor.java:908)
	at java.lang.Thread.run(Thread.java:680)
Caused by: java.lang.OutOfMemoryError: PermGen space
	at java.lang.Throwable.getOurStackTrace(Throwable.java:591)
	at java.lang.Throwable.getStackTrace(Throwable.java:582)
	at org.slf4j.impl.GrailsLog4jLoggerAdapter.cleanIfException(GrailsLog4jLoggerAdapter.java:177)
	at org.slf4j.impl.GrailsLog4jLoggerAdapter.logMessage(GrailsLog4jLoggerAdapter.java:190)
	at org.slf4j.impl.GrailsLog4jLoggerAdapter.error(GrailsLog4jLoggerAdapter.java:166)
	at org.apache.commons.logging.impl.SLF4JLog.error(SLF4JLog.java:213)
	... 5 more
2013-01-05 21:50:58,278 [FileSystemWatcher: files=#259 cl=java.net.URLClassLoader@1e406b09] ERROR StackTrace  - Full Stack Trace:
java.lang.NullPointerException
	at org.springframework.util.ReflectionUtils.isObjectMethod(ReflectionUtils.java:377)
	at org.springframework.beans.ExtendedBeanInfo.<init>(ExtendedBeanInfo.java:83)
	at org.springframework.beans.CachedIntrospectionResults.<init>(CachedIntrospectionResults.java:224)
	at org.springframework.beans.CachedIntrospectionResults.forClass(CachedIntrospectionResults.java:149)
	at org.springframework.beans.BeanUtils.getPropertyDescriptors(BeanUtils.java:361)
	at org.codehaus.groovy.grails.commons.ClassPropertyFetcher.init(ClassPropertyFetcher.java:193)
	at org.codehaus.groovy.grails.commons.ClassPropertyFetcher.<init>(ClassPropertyFetcher.java:91)
	at org.codehaus.groovy.grails.commons.ClassPropertyFetcher.forClass(ClassPropertyFetcher.java:82)
	at org.codehaus.groovy.grails.commons.ClassPropertyFetcher.forClass(ClassPropertyFetcher.java:63)
	at org.codehaus.groovy.grails.commons.AbstractGrailsClass.<init>(AbstractGrailsClass.java:84)
	at org.codehaus.groovy.grails.commons.DefaultGrailsDomainClass.<init>(DefaultGrailsDomainClass.java:71)
	at org.codehaus.groovy.grails.commons.DomainClassArtefactHandler.newArtefactClass(DomainClassArtefactHandler.java:50)
	at org.codehaus.groovy.grails.commons.AnnotationDomainClassArtefactHandler.newArtefactClass(AnnotationDomainClassArtefactHandler.java:53)
	at org.codehaus.groovy.grails.commons.DefaultGrailsApplication.addArtefact(DefaultGrailsApplication.java:889)
	at org.codehaus.groovy.grails.commons.DefaultGrailsApplication.addArtefact(DefaultGrailsApplication.java:615)
	at org.codehaus.groovy.grails.commons.GrailsApplication$addArtefact.call(Unknown Source)
	at org.codehaus.groovy.runtime.callsite.CallSiteArray.defaultCall(CallSiteArray.java:42)
	at org.codehaus.groovy.runtime.callsite.AbstractCallSite.call(AbstractCallSite.java:108)
	at org.codehaus.groovy.runtime.callsite.AbstractCallSite.call(AbstractCallSite.java:120)
	at org.codehaus.groovy.grails.plugins.DomainClassGrailsPlugin$_closure3.doCall(DomainClassGrailsPlugin.groovy:117)
	at sun.reflect.NativeMethodAccessorImpl.invoke0(Native Method)
	at sun.reflect.NativeMethodAccessorImpl.invoke(NativeMethodAccessorImpl.java:39)
	at sun.reflect.DelegatingMethodAccessorImpl.invoke(DelegatingMethodAccessorImpl.java:25)
	at java.lang.reflect.Method.invoke(Method.java:597)
	at com.springsource.loaded.ri.ReflectiveInterceptor.jlrMethodInvoke(ReflectiveInterceptor.java:1237)
	at org.codehaus.groovy.reflection.CachedMethod.invoke(CachedMethod.java:90)
	at groovy.lang.MetaMethod.doMethodInvoke(MetaMethod.java:233)
	at groovy.lang.MetaClassImpl.invokeMethod(MetaClassImpl.java:1071)
	at groovy.lang.ExpandoMetaClass.invokeMethod(ExpandoMetaClass.java:1110)
	at groovy.lang.MetaClassImpl.invokeMethod(MetaClassImpl.java:901)
	at groovy.lang.Closure.call(Closure.java:415)
	at org.codehaus.groovy.grails.plugins.DefaultGrailsPlugin.invokeOnChangeListener(DefaultGrailsPlugin.java:792)
	at org.codehaus.groovy.grails.plugins.DefaultGrailsPlugin.notifyOfEvent(DefaultGrailsPlugin.java:741)
	at org.codehaus.groovy.grails.plugins.DefaultGrailsPlugin.notifyOfEvent(DefaultGrailsPlugin.java:756)
	at org.codehaus.groovy.grails.plugins.AbstractGrailsPluginManager.informOfClassChange(AbstractGrailsPluginManager.java:394)
	at org.codehaus.groovy.grails.compiler.GrailsProjectWatcher$2.run(GrailsProjectWatcher.java:224)
	at org.codehaus.groovy.grails.compiler.GrailsProjectWatcher.firePendingClassChangeEvents(GrailsProjectWatcher.java:114)
	at org.codehaus.groovy.grails.cli.agent.GrailsPluginManagerReloadPlugin.reloadEvent(GrailsPluginManagerReloadPlugin.java:40)
	at com.springsource.loaded.TypeRegistry.fireReloadEvent(TypeRegistry.java:1581)
	at com.springsource.loaded.ReloadableType.loadNewVersion(ReloadableType.java:384)
	at com.springsource.loaded.TypeRegistry.loadNewVersion(TypeRegistry.java:792)
	at com.springsource.loaded.agent.ReloadableFileChangeListener.fileChanged(ReloadableFileChangeListener.java:38)
	at com.springsource.loaded.agent.Watcher.determineChangesSince(FileSystemWatcher.java:202)
	at com.springsource.loaded.agent.Watcher.run(FileSystemWatcher.java:186)
	at java.lang.Thread.run(Thread.java:680)
2013-01-05 21:50:58,293 [FileSystemWatcher: files=#259 cl=java.net.URLClassLoader@1e406b09] ERROR StackTrace  - Full Stack Trace:
java.lang.NullPointerException
	at java.lang.Thread.run(Thread.java:680)
2013-01-05 21:50:58,317 [FileSystemWatcher: files=#259 cl=java.net.URLClassLoader@1e406b09] ERROR StackTrace  - Full Stack Trace:
java.lang.NullPointerException
	at java.lang.Thread.run(Thread.java:680)
2013-01-05 21:50:58,317 [FileSystemWatcher: files=#259 cl=java.net.URLClassLoader@1e406b09] ERROR StackTrace  - Full Stack Trace:
java.lang.NullPointerException
	at java.lang.Thread.run(Thread.java:680)
2013-01-05 21:50:59,776 [FileSystemWatcher: files=#259 cl=java.net.URLClassLoader@1e406b09] ERROR StackTrace  - Full Stack Trace:
java.lang.NullPointerException
	at org.springframework.util.ReflectionUtils.isObjectMethod(ReflectionUtils.java:377)
	at org.springframework.beans.ExtendedBeanInfo.<init>(ExtendedBeanInfo.java:83)
	at org.springframework.beans.CachedIntrospectionResults.<init>(CachedIntrospectionResults.java:224)
	at org.springframework.beans.CachedIntrospectionResults.forClass(CachedIntrospectionResults.java:149)
	at org.springframework.beans.BeanUtils.getPropertyDescriptors(BeanUtils.java:361)
	at org.codehaus.groovy.grails.commons.ClassPropertyFetcher.init(ClassPropertyFetcher.java:193)
	at org.codehaus.groovy.grails.commons.ClassPropertyFetcher.<init>(ClassPropertyFetcher.java:91)
	at org.codehaus.groovy.grails.commons.ClassPropertyFetcher.forClass(ClassPropertyFetcher.java:82)
	at org.codehaus.groovy.grails.commons.ClassPropertyFetcher.forClass(ClassPropertyFetcher.java:63)
	at org.codehaus.groovy.grails.validation.ConstrainedPropertyBuilder.<init>(ConstrainedPropertyBuilder.java:57)
	at org.codehaus.groovy.grails.validation.DefaultConstraintEvaluator.evaluateConstraints(DefaultConstraintEvaluator.java:91)
	at org.codehaus.groovy.grails.validation.DefaultConstraintEvaluator.evaluate(DefaultConstraintEvaluator.java:301)
	at org.codehaus.groovy.grails.commons.DefaultGrailsDomainClass.refreshConstraints(DefaultGrailsDomainClass.java:787)
	at org.codehaus.groovy.grails.commons.DefaultGrailsApplication.refreshConstraints(DefaultGrailsApplication.java:466)
	at org.codehaus.groovy.grails.commons.GrailsApplication$refreshConstraints.call(Unknown Source)
	at org.codehaus.groovy.runtime.callsite.CallSiteArray.defaultCall(CallSiteArray.java:42)
	at org.codehaus.groovy.runtime.callsite.AbstractCallSite.call(AbstractCallSite.java:108)
	at org.codehaus.groovy.runtime.callsite.AbstractCallSite.call(AbstractCallSite.java:112)
	at org.codehaus.groovy.grails.plugins.DomainClassGrailsPlugin$_closure3.doCall(DomainClassGrailsPlugin.groovy:144)
	at sun.reflect.NativeMethodAccessorImpl.invoke0(Native Method)
	at sun.reflect.NativeMethodAccessorImpl.invoke(NativeMethodAccessorImpl.java:39)
	at sun.reflect.DelegatingMethodAccessorImpl.invoke(DelegatingMethodAccessorImpl.java:25)
	at java.lang.reflect.Method.invoke(Method.java:597)
	at com.springsource.loaded.ri.ReflectiveInterceptor.jlrMethodInvoke(ReflectiveInterceptor.java:1237)
	at org.codehaus.groovy.reflection.CachedMethod.invoke(CachedMethod.java:90)
	at groovy.lang.MetaMethod.doMethodInvoke(MetaMethod.java:233)
	at groovy.lang.MetaClassImpl.invokeMethod(MetaClassImpl.java:1071)
	at groovy.lang.ExpandoMetaClass.invokeMethod(ExpandoMetaClass.java:1110)
	at groovy.lang.MetaClassImpl.invokeMethod(MetaClassImpl.java:901)
	at groovy.lang.Closure.call(Closure.java:415)
	at org.codehaus.groovy.grails.plugins.DefaultGrailsPlugin.invokeOnChangeListener(DefaultGrailsPlugin.java:792)
	at org.codehaus.groovy.grails.plugins.DefaultGrailsPlugin.notifyOfEvent(DefaultGrailsPlugin.java:741)
	at org.codehaus.groovy.grails.plugins.DefaultGrailsPlugin.notifyOfEvent(DefaultGrailsPlugin.java:756)
	at org.codehaus.groovy.grails.plugins.AbstractGrailsPluginManager.informOfClassChange(AbstractGrailsPluginManager.java:394)
	at org.codehaus.groovy.grails.compiler.GrailsProjectWatcher$2.run(GrailsProjectWatcher.java:224)
	at org.codehaus.groovy.grails.compiler.GrailsProjectWatcher.firePendingClassChangeEvents(GrailsProjectWatcher.java:114)
	at org.codehaus.groovy.grails.cli.agent.GrailsPluginManagerReloadPlugin.reloadEvent(GrailsPluginManagerReloadPlugin.java:40)
	at com.springsource.loaded.TypeRegistry.fireReloadEvent(TypeRegistry.java:1581)
	at com.springsource.loaded.ReloadableType.loadNewVersion(ReloadableType.java:384)
	at com.springsource.loaded.TypeRegistry.loadNewVersion(TypeRegistry.java:792)
	at com.springsource.loaded.agent.ReloadableFileChangeListener.fileChanged(ReloadableFileChangeListener.java:38)
	at com.springsource.loaded.agent.Watcher.determineChangesSince(FileSystemWatcher.java:202)
	at com.springsource.loaded.agent.Watcher.run(FileSystemWatcher.java:186)
	at java.lang.Thread.run(Thread.java:680)
2013-01-05 21:50:59,776 [FileSystemWatcher: files=#259 cl=java.net.URLClassLoader@1e406b09] ERROR StackTrace  - Full Stack Trace:
java.lang.NullPointerException
	at java.lang.Thread.run(Thread.java:680)
2013-01-05 21:50:59,777 [FileSystemWatcher: files=#259 cl=java.net.URLClassLoader@1e406b09] ERROR StackTrace  - Full Stack Trace:
java.lang.NullPointerException
	at java.lang.Thread.run(Thread.java:680)
2013-01-05 21:50:59,777 [FileSystemWatcher: files=#259 cl=java.net.URLClassLoader@1e406b09] ERROR StackTrace  - Full Stack Trace:
java.lang.NullPointerException
	at java.lang.Thread.run(Thread.java:680)
2013-01-05 21:51:00,773 [FileSystemWatcher: files=#259 cl=java.net.URLClassLoader@1e406b09] ERROR StackTrace  - Full Stack Trace:
java.lang.NullPointerException
	at org.springframework.util.ReflectionUtils.isObjectMethod(ReflectionUtils.java:377)
	at org.springframework.beans.ExtendedBeanInfo.<init>(ExtendedBeanInfo.java:83)
	at org.springframework.beans.CachedIntrospectionResults.<init>(CachedIntrospectionResults.java:224)
	at org.springframework.beans.CachedIntrospectionResults.forClass(CachedIntrospectionResults.java:149)
	at org.springframework.beans.BeanUtils.getPropertyDescriptors(BeanUtils.java:361)
	at org.codehaus.groovy.grails.commons.ClassPropertyFetcher.init(ClassPropertyFetcher.java:193)
	at org.codehaus.groovy.grails.commons.ClassPropertyFetcher.<init>(ClassPropertyFetcher.java:91)
	at org.codehaus.groovy.grails.commons.ClassPropertyFetcher.forClass(ClassPropertyFetcher.java:82)
	at org.codehaus.groovy.grails.commons.ClassPropertyFetcher.forClass(ClassPropertyFetcher.java:63)
	at org.codehaus.groovy.grails.validation.ConstrainedPropertyBuilder.<init>(ConstrainedPropertyBuilder.java:57)
	at org.codehaus.groovy.grails.validation.DefaultConstraintEvaluator.evaluateConstraints(DefaultConstraintEvaluator.java:91)
	at org.codehaus.groovy.grails.validation.DefaultConstraintEvaluator.evaluate(DefaultConstraintEvaluator.java:301)
	at org.codehaus.groovy.grails.commons.DefaultGrailsDomainClass.refreshConstraints(DefaultGrailsDomainClass.java:787)
	at org.codehaus.groovy.grails.commons.DefaultGrailsApplication.refreshConstraints(DefaultGrailsApplication.java:466)
	at org.codehaus.groovy.grails.commons.GrailsApplication$refreshConstraints.call(Unknown Source)
	at org.codehaus.groovy.grails.plugins.DomainClassGrailsPlugin$_closure3.doCall(DomainClassGrailsPlugin.groovy:144)
	at sun.reflect.NativeMethodAccessorImpl.invoke0(Native Method)
	at sun.reflect.NativeMethodAccessorImpl.invoke(NativeMethodAccessorImpl.java:39)
	at sun.reflect.DelegatingMethodAccessorImpl.invoke(DelegatingMethodAccessorImpl.java:25)
	at java.lang.reflect.Method.invoke(Method.java:597)
	at com.springsource.loaded.ri.ReflectiveInterceptor.jlrMethodInvoke(ReflectiveInterceptor.java:1237)
	at org.codehaus.groovy.reflection.CachedMethod.invoke(CachedMethod.java:90)
	at groovy.lang.MetaMethod.doMethodInvoke(MetaMethod.java:233)
	at groovy.lang.MetaClassImpl.invokeMethod(MetaClassImpl.java:1071)
	at groovy.lang.ExpandoMetaClass.invokeMethod(ExpandoMetaClass.java:1110)
	at groovy.lang.MetaClassImpl.invokeMethod(MetaClassImpl.java:901)
	at groovy.lang.Closure.call(Closure.java:415)
	at org.codehaus.groovy.grails.plugins.DefaultGrailsPlugin.invokeOnChangeListener(DefaultGrailsPlugin.java:792)
	at org.codehaus.groovy.grails.plugins.DefaultGrailsPlugin.notifyOfEvent(DefaultGrailsPlugin.java:741)
	at org.codehaus.groovy.grails.plugins.DefaultGrailsPlugin.notifyOfEvent(DefaultGrailsPlugin.java:756)
	at org.codehaus.groovy.grails.plugins.AbstractGrailsPluginManager.informOfClassChange(AbstractGrailsPluginManager.java:394)
	at org.codehaus.groovy.grails.compiler.GrailsProjectWatcher$2.run(GrailsProjectWatcher.java:224)
	at org.codehaus.groovy.grails.compiler.GrailsProjectWatcher.firePendingClassChangeEvents(GrailsProjectWatcher.java:114)
	at org.codehaus.groovy.grails.cli.agent.GrailsPluginManagerReloadPlugin.reloadEvent(GrailsPluginManagerReloadPlugin.java:40)
	at com.springsource.loaded.TypeRegistry.fireReloadEvent(TypeRegistry.java:1581)
	at com.springsource.loaded.ReloadableType.loadNewVersion(ReloadableType.java:384)
	at com.springsource.loaded.TypeRegistry.loadNewVersion(TypeRegistry.java:792)
	at com.springsource.loaded.agent.ReloadableFileChangeListener.fileChanged(ReloadableFileChangeListener.java:38)
	at com.springsource.loaded.agent.Watcher.determineChangesSince(FileSystemWatcher.java:202)
	at com.springsource.loaded.agent.Watcher.run(FileSystemWatcher.java:186)
	at java.lang.Thread.run(Thread.java:680)
2013-01-05 21:51:00,773 [FileSystemWatcher: files=#259 cl=java.net.URLClassLoader@1e406b09] ERROR StackTrace  - Full Stack Trace:
java.lang.NullPointerException
	at java.lang.Thread.run(Thread.java:680)
2013-01-05 21:51:00,773 [FileSystemWatcher: files=#259 cl=java.net.URLClassLoader@1e406b09] ERROR StackTrace  - Full Stack Trace:
java.lang.NullPointerException
	at java.lang.Thread.run(Thread.java:680)
2013-01-05 21:51:00,774 [FileSystemWatcher: files=#259 cl=java.net.URLClassLoader@1e406b09] ERROR StackTrace  - Full Stack Trace:
java.lang.NullPointerException
	at java.lang.Thread.run(Thread.java:680)
2013-01-05 21:51:01,649 [FileSystemWatcher: files=#259 cl=java.net.URLClassLoader@1e406b09] ERROR StackTrace  - Full Stack Trace:
java.lang.NullPointerException
	at org.springframework.util.ReflectionUtils.isObjectMethod(ReflectionUtils.java:377)
	at org.springframework.beans.ExtendedBeanInfo.<init>(ExtendedBeanInfo.java:83)
	at org.springframework.beans.CachedIntrospectionResults.<init>(CachedIntrospectionResults.java:224)
	at org.springframework.beans.CachedIntrospectionResults.forClass(CachedIntrospectionResults.java:149)
	at org.springframework.beans.BeanUtils.getPropertyDescriptors(BeanUtils.java:361)
	at org.codehaus.groovy.grails.commons.ClassPropertyFetcher.init(ClassPropertyFetcher.java:193)
	at org.codehaus.groovy.grails.commons.ClassPropertyFetcher.<init>(ClassPropertyFetcher.java:91)
	at org.codehaus.groovy.grails.commons.ClassPropertyFetcher.forClass(ClassPropertyFetcher.java:82)
	at org.codehaus.groovy.grails.commons.ClassPropertyFetcher.forClass(ClassPropertyFetcher.java:63)
	at org.codehaus.groovy.grails.validation.ConstrainedPropertyBuilder.<init>(ConstrainedPropertyBuilder.java:57)
	at org.codehaus.groovy.grails.validation.DefaultConstraintEvaluator.evaluateConstraints(DefaultConstraintEvaluator.java:91)
	at org.codehaus.groovy.grails.validation.DefaultConstraintEvaluator.evaluate(DefaultConstraintEvaluator.java:301)
	at org.codehaus.groovy.grails.commons.DefaultGrailsDomainClass.refreshConstraints(DefaultGrailsDomainClass.java:787)
	at org.codehaus.groovy.grails.commons.DefaultGrailsApplication.refreshConstraints(DefaultGrailsApplication.java:466)
	at org.codehaus.groovy.grails.commons.GrailsApplication$refreshConstraints.call(Unknown Source)
	at org.codehaus.groovy.grails.plugins.DomainClassGrailsPlugin$_closure3.doCall(DomainClassGrailsPlugin.groovy:144)
	at sun.reflect.NativeMethodAccessorImpl.invoke0(Native Method)
	at sun.reflect.NativeMethodAccessorImpl.invoke(NativeMethodAccessorImpl.java:39)
	at sun.reflect.DelegatingMethodAccessorImpl.invoke(DelegatingMethodAccessorImpl.java:25)
	at java.lang.reflect.Method.invoke(Method.java:597)
	at com.springsource.loaded.ri.ReflectiveInterceptor.jlrMethodInvoke(ReflectiveInterceptor.java:1237)
	at org.codehaus.groovy.reflection.CachedMethod.invoke(CachedMethod.java:90)
	at groovy.lang.MetaMethod.doMethodInvoke(MetaMethod.java:233)
	at groovy.lang.MetaClassImpl.invokeMethod(MetaClassImpl.java:1071)
	at groovy.lang.ExpandoMetaClass.invokeMethod(ExpandoMetaClass.java:1110)
	at groovy.lang.MetaClassImpl.invokeMethod(MetaClassImpl.java:901)
	at groovy.lang.Closure.call(Closure.java:415)
	at org.codehaus.groovy.grails.plugins.DefaultGrailsPlugin.invokeOnChangeListener(DefaultGrailsPlugin.java:792)
	at org.codehaus.groovy.grails.plugins.DefaultGrailsPlugin.notifyOfEvent(DefaultGrailsPlugin.java:741)
	at org.codehaus.groovy.grails.plugins.DefaultGrailsPlugin.notifyOfEvent(DefaultGrailsPlugin.java:756)
	at org.codehaus.groovy.grails.plugins.AbstractGrailsPluginManager.informOfClassChange(AbstractGrailsPluginManager.java:394)
	at org.codehaus.groovy.grails.compiler.GrailsProjectWatcher$2.run(GrailsProjectWatcher.java:224)
	at org.codehaus.groovy.grails.compiler.GrailsProjectWatcher.firePendingClassChangeEvents(GrailsProjectWatcher.java:114)
	at org.codehaus.groovy.grails.cli.agent.GrailsPluginManagerReloadPlugin.reloadEvent(GrailsPluginManagerReloadPlugin.java:40)
	at com.springsource.loaded.TypeRegistry.fireReloadEvent(TypeRegistry.java:1581)
	at com.springsource.loaded.ReloadableType.loadNewVersion(ReloadableType.java:384)
	at com.springsource.loaded.TypeRegistry.loadNewVersion(TypeRegistry.java:792)
	at com.springsource.loaded.agent.ReloadableFileChangeListener.fileChanged(ReloadableFileChangeListener.java:38)
	at com.springsource.loaded.agent.Watcher.determineChangesSince(FileSystemWatcher.java:202)
	at com.springsource.loaded.agent.Watcher.run(FileSystemWatcher.java:186)
	at java.lang.Thread.run(Thread.java:680)
2013-01-05 21:51:01,650 [FileSystemWatcher: files=#259 cl=java.net.URLClassLoader@1e406b09] ERROR StackTrace  - Full Stack Trace:
java.lang.NullPointerException
	at java.lang.Thread.run(Thread.java:680)
2013-01-05 21:51:01,650 [FileSystemWatcher: files=#259 cl=java.net.URLClassLoader@1e406b09] ERROR StackTrace  - Full Stack Trace:
java.lang.NullPointerException
	at java.lang.Thread.run(Thread.java:680)
2013-01-05 21:51:01,650 [FileSystemWatcher: files=#259 cl=java.net.URLClassLoader@1e406b09] ERROR StackTrace  - Full Stack Trace:
java.lang.NullPointerException
	at java.lang.Thread.run(Thread.java:680)
